---------------------------------------------
Log D:\DayZTestServer\profiles\script_2023-06-03_14-41-30.log started at 03.06. 14:41:30

SCRIPT       : Registered 398 temporary action enum(s), UAN==398
SCRIPT       : Registering faction type eAIFactionShamans ID -1484989417
SCRIPT       : Registering faction type eAIFactionObservers ID -563736721
SCRIPT       : Registering faction type eAIFactionInvincibleObservers ID -1227299746
SCRIPT       : Registering faction type eAIFactionEast ID 90522109
SCRIPT       : Registering faction type eAIFactionGuards ID 963933710
SCRIPT       : Registering faction type eAIFactionRaiders ID 1535276022
SCRIPT       : Registering faction type eAIFactionMercenaries ID 1629891834
SCRIPT       : Registering faction type eAIFactionWest ID 113880155
SCRIPT       : Registering faction type eAIFactionCivilian ID 1096178351
SCRIPT       : Registering faction type eAIFactionPassive ID -1159399789
SCRIPT       : Registering faction type eAIFactionInvincibleGuards ID 782746017
SCRIPT       : ... Backlit Effects Enabled
SCRIPT       : 14:41:31 [EXPANSION LOG]: DayZGame<778a7900> Start time (local time) 2023-06-03 14:41:28
SCRIPT       : 14:41:31 [EXPANSION LOG]: DayZGame<778a7900> Start time (UTC) 2023-06-03 19:41:28
SCRIPT       : 14:41:31 [EXPANSION LOG]: DayZGame<778a7900> Runtime since start (seconds) 3.963
SCRIPT    (W): @"JM/COT/Scripts/4_World/communityonlinetools\classes\webhook\jmwebhookdiscordmessage.c,19": Possible variable name conflict 'username'
SCRIPT    (W): @"JM/COT/Scripts/4_World/communityonlinetools\classes\webhook\jmwebhookdiscordmessage.c,19": Possible variable name conflict 'avatar_url'
SCRIPT    (W): @"JM/COT/Scripts/4_World/communityonlinetools\classes\webhook\jmwebhookdiscordmessage.c,19": Possible variable name conflict 'content'
SCRIPT    (W): @"JM/COT/Scripts/4_World/communityonlinetools\classes\webhook\jmwebhookdiscordmessage.c,151": Possible variable name conflict 'url'
SCRIPT    (W): @"JM/COT/Scripts/4_World/communityonlinetools\classes\webhook\jmwebhookdiscordmessage.c,172": Possible variable name conflict 'url'
SCRIPT    (W): @"JM/COT/Scripts/4_World/communityonlinetools\classes\webhook\jmwebhookdiscordmessage.c,180": Possible variable name conflict 'url'
SCRIPT       : 14:41:43 [ERROR] [3:8] 'A' encountered instead of '='
SCRIPT       : 	Error() DayZExpansion/Core/Scripts/1_Core/dayzexpansion_core\cf_log.c : 37
SCRIPT       : 	Error() JM/CF/Scripts/3_Game/communityframework\config\configreader.c : 280
SCRIPT       : 	Parse() JM/CF/Scripts/3_Game/communityframework\config\configclass.c : 243
SCRIPT       : 	Parse#251364() JM/CF/Scripts/3_Game/communityframework\config\configfile.c : 18
SCRIPT       : 	OnInit() JM/COT/Scripts/4_World/communityonlinetools\classes\webhook\jmwebhookmodule.c : 81
SCRIPT       : 	Init() JM/CF/Scripts/1_Core/communityframework\module\cf_modulecore.c : 40
SCRIPT       : 	Init() JM/CF/Scripts/4_World/communityframework\module\deprecated\jmmodulebase.c : 43
SCRIPT       : 	_Create() JM/CF/Scripts/1_Core/communityframework\module\cf_modulecoremanager.c : 122
SCRIPT       : 	_Insert() JM/CF/Scripts/1_Core/communityframework\module\cf_modulecoremanager.c : 82
SCRIPT       : 	JMModuleConstructorBase@2036#1() JM/CF/Scripts/4_World/communityframework\module\deprecated\jmmoduleconstructorbase.c : 15
SCRIPT       : 	MissionBase@301#1() JM/CF/Scripts/5_Mission/communityframework\mission\missionbase.c : 12
SCRIPT       : 	CreateCustomMission() $CurrentDir:mpmissions\hardcore.namalsk\init.c : 124
SCRIPT       : Expansion version: 1.8.16
SCRIPT       : 14:41:44.433 [EXPANSION DEBUG]: [ExpansionDebugSettings] No existing setting file:$profile:ExpansionMod\Settings\DebugSettings.json. Creating defaults!
SCRIPT       : [ExpansionDebugSettings] Saving settings
SCRIPT       : 14:41:44.433 [EXPANSION DEBUG]: [ExpansionLogSettings] No existing setting file:$profile:ExpansionMod\Settings\LogsSettings.json. Creating defaults!
SCRIPT       : [ExpansionLogSettings] Saving settings
SCRIPT       : 14:41:44.433 [EXPANSION DEBUG]: [ExpansionNotificationSettings] No existing setting file:$profile:ExpansionMod\Settings\NotificationSettings.json. Creating defaults!
SCRIPT       : [ExpansionNotificationSettings] Saving settings
SCRIPT       : 14:41:44.433 [EXPANSION DEBUG]: [ExpansionMonitoringSettings] No existing setting file:$profile:ExpansionMod\Settings\MonitoringSettings.json. Creating defaults!
SCRIPT       : [ExpansionMonitoringSettings] Saving settings
SCRIPT       : 14:41:44.433 [EXPANSION DEBUG]: [ExpansionDamageSystemSettings] No existing setting file:$profile:ExpansionMod\Settings\DamageSystemSettings.json. Creating defaults!
SCRIPT       : 14:41:44.433 [EXPANSION DEBUG]: [ExpansionPartySettings] No existing setting file:$profile:ExpansionMod\Settings\PartySettings.json. Creating defaults!
SCRIPT       : [ExpansionPartySettings] Saving settings
SCRIPT       : 14:41:44.433 [EXPANSION DEBUG]: [ExpansionMarketSettings] Load existing setting file:$mission:expansion\settings\MarketSettings.json
SCRIPT       : 14:41:44.433 [EXPANSION DEBUG]: [ExpansionMarketSettings] No existing market category setting files at:$profile:ExpansionMod\Market\. Creating defaults!
SCRIPT       : 14:41:44.437 [EXPANSION DEBUG]: [ExpansionAirdropSettings] No existing setting file:$profile:ExpansionMod\Settings\AirdropSettings.json. Creating defaults!
SCRIPT       : [ExpansionAirdropSettings] Saving settings
SCRIPT       : 14:41:44.437 [EXPANSION DEBUG]: [ExpansionMissionSettings] No existing setting file:$profile:ExpansionMod\Settings\MissionSettings.json. Creating defaults!
SCRIPT       : [ExpansionMissionSettings] Saving settings
SCRIPT       : 14:41:44.437 [EXPANSION DEBUG]: [ExpansionMapSettings] Load existing setting file:$mission:expansion\settings\MapSettings.json
SCRIPT       : 14:41:44.449 [EXPANSION DEBUG]: [ExpansionPersonalStorageNewSettings] No existing setting file:$profile:ExpansionMod\Settings\PersonalStorageNewSettings.json. Creating defaults!
SCRIPT       : [ExpansionPersonalStorageNewSettings] Saving settings
SCRIPT       : 14:41:44.449 [EXPANSION DEBUG]: [ExpansionGeneralSettings] No existing setting file:$profile:ExpansionMod\Settings\GeneralSettings.json. Creating defaults!
SCRIPT       : [ExpansionGeneralSettings] Saving settings
SCRIPT       : 14:41:44.449 [EXPANSION DEBUG]: [ExpansionPlayerListSettings] No existing setting file:$profile:ExpansionMod\Settings\PlayerListSettings.json. Creating defaults!
SCRIPT       : [ExpansionPlayerListSettings] Saving settings
SCRIPT       : 14:41:44.449 [EXPANSION DEBUG]: [ExpansionSocialMediaSettings] No existing setting file:$profile:ExpansionMod\Settings\SocialMediaSettings.json. Creating defaults!
SCRIPT       : [ExpansionSocialMediaSettings] Saving settings
SCRIPT       : 14:41:44.449 [EXPANSION DEBUG]: [ExpansionSpawnSettings] Load existing setting file:$mission:expansion\settings\SpawnSettings.json
SCRIPT       : 14:41:44.453 [EXPANSION DEBUG]: [ExpansionVehicleSettings] No existing setting file:$profile:ExpansionMod\Settings\VehicleSettings.json. Creating defaults!
SCRIPT       : [ExpansionVehicleSettings] Saving settings
SCRIPT       : 14:41:44.453 [EXPANSION DEBUG]: [ExpansionAISettings] No existing setting file:$profile:ExpansionMod\Settings\AISettings.json. Creating defaults!
SCRIPT       : [ExpansionAISettings] Saving settings
SCRIPT       : 14:41:44.453 [EXPANSION DEBUG]: [ExpansionAIPatrolSettings] Load existing setting file:$mission:expansion\settings\AIPatrolSettings.json
SCRIPT       : 14:41:44.460 [EXPANSION DEBUG]: [ExpansionBaseBuildingSettings] Load existing setting file:$mission:expansion\settings\BaseBuildingSettings.json
SCRIPT       : 14:41:44.460 [EXPANSION DEBUG]: [ExpansionRaidSettings] No existing setting file:$profile:ExpansionMod\Settings\RaidSettings.json. Creating defaults!
SCRIPT       : [ExpansionRaidSettings] Saving settings
SCRIPT       : 14:41:44.460 [EXPANSION DEBUG]: [ExpansionTerritorySettings] No existing setting file:$profile:ExpansionMod\Settings\TerritorySettings.json. Creating defaults!
SCRIPT       : [ExpansionTerritorySettings] Saving settings
SCRIPT       : 14:41:44.464 [EXPANSION DEBUG]: [ExpansionChatSettings] No existing setting file:$profile:ExpansionMod\Settings\ChatSettings.json. Creating defaults!
SCRIPT       : [ExpansionChatSettings] Saving settings
SCRIPT       : 14:41:44.464 [EXPANSION DEBUG]: [ExpansionHardlineSettings] Load existing setting file:$mission:expansion\settings\HardlineSettings.json
SCRIPT       : [DefineTest] EXPANSIONMOD is defined
SCRIPT       : [DefineTest] EXPANSIONMODAI is defined
SCRIPT       : [DefineTest] EXPANSIONMODANIMATIONS is defined
SCRIPT       : [DefineTest] EXPANSIONMODBASEBUILDING is defined
SCRIPT       : [DefineTest] EXPANSIONMODBOOK is defined
SCRIPT       : [DefineTest] EXPANSIONMODCHAT is defined
SCRIPT       : [DefineTest] EXPANSIONMODCORE is defined
SCRIPT       : [DefineTest] EXPANSIONMODGARAGE is defined
SCRIPT       : [DefineTest] EXPANSIONMODGROUPS is defined
SCRIPT       : [DefineTest] EXPANSIONMODHARDLINE is defined
SCRIPT       : [DefineTest] EXPANSIONMODKILLFEED is defined
SCRIPT       : [DefineTest] EXPANSIONMODMAPASSETS is defined
SCRIPT       : [DefineTest] EXPANSIONMODMARKET is defined
SCRIPT       : [DefineTest] EXPANSIONMODMISSIONS is defined
SCRIPT       : [DefineTest] EXPANSIONMODNAMETAGS is defined
SCRIPT       : [DefineTest] EXPANSIONMODNAVIGATION is defined
SCRIPT       : [DefineTest] EXPANSIONMODP2PMARKET is defined
SCRIPT       : [DefineTest] EXPANSIONMODPERSONALSTORAGE is defined
SCRIPT       : [DefineTest] EXPANSIONMODQUESTS is defined
SCRIPT       : [DefineTest] EXPANSIONMODSPAWNSELECTION is defined
SCRIPT       : [DefineTest] EXPANSIONMODVEHICLE is defined
SCRIPT       : [DefineTest] EXPANSIONMODWEAPONS is defined
SCRIPT       : [DefineTest] CfgMods:
SCRIPT       : defaultAction
SCRIPT       : DayZ
SCRIPT       : DZ_Expansion_AI_Preload
SCRIPT       : DZ_Expansion_Animations_Preload
SCRIPT       : DZ_Expansion_BaseBuilding_Preload
SCRIPT       : DZ_Expansion_Book_Preload
SCRIPT       : DZ_Expansion_Chat_Preload
SCRIPT       : DZ_Expansion_Core_Preload
SCRIPT       : DZ_Expansion_Garage_Preload
SCRIPT       : DZ_Expansion_Groups_Preload
SCRIPT       : DZ_Expansion_Hardline_Preload
SCRIPT       : DZ_Expansion_KillFeed_Preload
SCRIPT       : DZ_Expansion_MapAssets_Preload
SCRIPT       : DZ_Expansion_Market_Preload
SCRIPT       : DZ_Expansion_Missions_Preload
SCRIPT       : DZ_Expansion_ModStorage_Preload
SCRIPT       : DZ_Expansion_NameTags_Preload
SCRIPT       : DZ_Expansion_Navigation_Preload
SCRIPT       : DZ_Expansion_P2PMarket_Preload
SCRIPT       : DZ_Expansion_PersonalStorage_Preload
SCRIPT       : DZ_Expansion_Preload
SCRIPT       : DZ_Expansion_Quests_Preload
SCRIPT       : DZ_Expansion_SpawnSelection_Preload
SCRIPT       : DZ_Expansion_Vehicles_Preload
SCRIPT       : DZ_Expansion_Weapons_Preload
SCRIPT       : DZ_DabsFramework
SCRIPT       : DZ_Expansion_DefineTest
SCRIPT       : DZ_Expansion_MapAssets
SCRIPT       : bliss
SCRIPT       : JM_CommunityFramework
SCRIPT       : JM_CommunityOnlineTools
SCRIPT       : NAMALSK_ISLAND
SCRIPT       : NAMALSK_SURVIVAL
SCRIPT       : DZ_Expansion_ModStorage
SCRIPT       : DZ_Expansion_Core
SCRIPT       : DZ_Expansion_Garage
SCRIPT       : DZ_Expansion_Groups
SCRIPT       : DZ_Expansion_Market
SCRIPT       : DZ_Expansion_Missions
SCRIPT       : DZ_Expansion_NameTags
SCRIPT       : DZ_Expansion_Navigation
SCRIPT       : DZ_Expansion_NotificationScheduler
SCRIPT       : DZ_Expansion_P2PMarket
SCRIPT       : DZ_Expansion_PersonalStorage
SCRIPT       : DZ_Expansion_PersonalStorageNew
SCRIPT       : DZ_Expansion_PlayerList
SCRIPT       : DZ_Expansion
SCRIPT       : DZ_Expansion_SpawnSelection
SCRIPT       : DZ_Expansion_VanillaFixes
SCRIPT       : DZ_Expansion_Vehicles
SCRIPT       : DZ_Expansion_Weapons
SCRIPT       : DZ_Expansion_AI
SCRIPT       : DZ_Expansion_BaseBuilding
SCRIPT       : DZ_Expansion_Book
SCRIPT       : DZ_Expansion_Chat
SCRIPT       : DZ_Expansion_Hardline
SCRIPT       : DZ_Expansion_Quests
SCRIPT       : DZ_Expansion_VirtualContainerStorage
SCRIPT       : 14:41:44.492 [EXPANSION DEBUG]: ModStorage v5
SCRIPT       : [Namalsk][NamEventManager]: Next selection will occur in 604 seconds
SCRIPT       : [Namalsk][NamEventManager]: NamEventManager is now running
SCRIPT       : ExpansionZoneCircle<9180ba50> position=<8583.669922, 0.000000, 10515.000000> radius=400
SCRIPT       : Found 1 zones!
SCRIPT       : ExpansionMarketItem marketItem = ExpansionMarketItem<c88b56e0>
SCRIPT       : int worth =   1
SCRIPT       : m_EventManager NamEventManager<c06f0830>
SCRIPT       : MaxEventCount 2
SCRIPT       : [emote] ExpansionQuestNPCAIElias:02 play emote id=46 IH=AKM:04140
SCRIPT       : [emote] ExpansionQuestNPCAIDenis:01 play emote id=46 IH=Aug:04120
SCRIPT       : ---- PlayerBase OnStoreLoad SUCCESS ----
SCRIPT       : 14:43:36.988 [EXPANSION DEBUG]: ExpansionQuestModule<bd1da40> Sending 21 quest configs to client with UID: SBe5axWp3eE4-LqLuNcUyOl5vGQFAjjfq235gH4VFLc=
SCRIPT       : 14:43:36.988 [EXPANSION DEBUG]: ExpansionQuestModule<bd1da40> Sending player quest data for 4 quests to player with UID: SBe5axWp3eE4-LqLuNcUyOl5vGQFAjjfq235gH4VFLc=
SCRIPT       : [Logout]: New player SBe5axWp3eE4-LqLuNcUyOl5vGQFAjjfq235gH4VFLc= with logout time 15
SCRIPT       : [emote] SurvivorM_Niki:03 play emote id=14 IH=CZ550:010949
SCRIPT       : 14:44:11.949 [EXPANSION DEBUG]: ExpansionQuestPersistentData<39774bb0> ~ExpansionQuestPersistentData (4)
SCRIPT       : [Logout]: Player SBe5axWp3eE4-LqLuNcUyOl5vGQFAjjfq235gH4VFLc= finished
SCRIPT       : Clear up static fireplaces: 0
SCRIPT       : 14:44:18.703 [EXPANSION DEBUG]: Clearing cached categories 1
SCRIPT       : 14:44:18.703 [EXPANSION DEBUG]: Clearing cached traders 0
SCRIPT       : 14:44:18.710 [EXPANSION DEBUG]: ExpansionQuestConfig<c851e940> ~ExpansionQuestConfig
SCRIPT       : 14:44:18.710 [EXPANSION DEBUG]: ExpansionQuestConfig<c8521730> ~ExpansionQuestConfig
SCRIPT       : 14:44:18.710 [EXPANSION DEBUG]: ExpansionQuestConfig<c8522180> ~ExpansionQuestConfig
SCRIPT       : 14:44:18.710 [EXPANSION DEBUG]: ExpansionQuestConfig<c8521550> ~ExpansionQuestConfig
SCRIPT       : 14:44:18.710 [EXPANSION DEBUG]: ExpansionQuestConfig<c8522630> ~ExpansionQuestConfig
SCRIPT       : 14:44:18.710 [EXPANSION DEBUG]: ExpansionQuestConfig<c8524160> ~ExpansionQuestConfig
SCRIPT       : 14:44:18.710 [EXPANSION DEBUG]: ExpansionQuestConfig<c8523350> ~ExpansionQuestConfig
SCRIPT       : 14:44:18.710 [EXPANSION DEBUG]: ExpansionQuestConfig<c8522bd0> ~ExpansionQuestConfig
SCRIPT       : 14:44:18.710 [EXPANSION DEBUG]: ExpansionQuestConfig<c8520ec0> ~ExpansionQuestConfig
SCRIPT       : 14:44:18.710 [EXPANSION DEBUG]: ExpansionQuestConfig<c8521190> ~ExpansionQuestConfig
SCRIPT       : 14:44:18.710 [EXPANSION DEBUG]: ExpansionQuestConfig<c8522f90> ~ExpansionQuestConfig
SCRIPT       : 14:44:18.710 [EXPANSION DEBUG]: ExpansionQuestConfig<c8521cd0> ~ExpansionQuestConfig
SCRIPT       : 14:44:18.710 [EXPANSION DEBUG]: ExpansionQuestConfig<c85239e0> ~ExpansionQuestConfig
SCRIPT       : 14:44:18.710 [EXPANSION DEBUG]: ExpansionQuestConfig<c8524250> ~ExpansionQuestConfig
SCRIPT       : 14:44:18.710 [EXPANSION DEBUG]: ExpansionQuestConfig<c8522360> ~ExpansionQuestConfig
SCRIPT       : 14:44:18.710 [EXPANSION DEBUG]: ExpansionQuestConfig<c8523ad0> ~ExpansionQuestConfig
SCRIPT       : 14:44:18.710 [EXPANSION DEBUG]: ExpansionQuestConfig<c8522810> ~ExpansionQuestConfig
SCRIPT       : 14:44:18.710 [EXPANSION DEBUG]: ExpansionQuestConfig<c8523bc0> ~ExpansionQuestConfig
SCRIPT       : 14:44:18.710 [EXPANSION DEBUG]: ExpansionQuestConfig<c8523800> ~ExpansionQuestConfig
SCRIPT       : 14:44:18.710 [EXPANSION DEBUG]: ExpansionQuestConfig<c8523620> ~ExpansionQuestConfig
SCRIPT       : 14:44:18.710 [EXPANSION DEBUG]: ExpansionQuestConfig<c8524070> ~ExpansionQuestConfig
SCRIPT       : ~DayZGame()
