14:41:41 BattlEye Server: Initialized (v1.219, DayZ 1.21.156201)
14:41:41 SUCCESS: SteamGameServer_Init(0,8766,2302,27016,3,1.21.156201)
14:41:41 BattlEye Server: Config entry: RConPassword eed638fccf5a018a9d08ee9706cf56a5
14:41:41 BattlEye Server: Config entry: RConPort 2305
14:41:41 BattlEye Server: Config entry: RestrictRCon 0
14:41:41 Roles assigned.
14:41:41 Reading mission ...
14:41:46 [CE][Hive] :: Initializing OFFLINE
14:41:46 [StorageDirs] :: Selected storage directory: D:\DayZTestServer\mpmissions\hardcore.namalsk\storage_1\
14:41:46 [CE][Hive] :: Loading core data ... 
14:41:46 [CE][CoreData] :: 7 root classes, 0 defaults, 0 updaters...
14:41:49 [CE][TypeSetup] :: 556 classes setuped...
14:41:49 !!! [ERROR][XML] :: load [$CurrentDir:mpmissions\hardcore.namalsk\expansion_ce/expansion_spawnabletypes.xml] failed
14:41:49 !!! [ERROR][XML] :: Error reading end tag. line 1558
14:41:50 [CE][RegisterBind] :: 0 classes binded...
14:41:50 [CE][RegisterConfig] :: 11561 config classes registered, 0 sub-counters...
14:41:50 [CE][Hive] :: Loading map data ... 
14:41:50 [CE][LoadPrototype] :: loaded 256 prototypes
14:41:50   404 containers, 7421 points
14:41:50   1 dispatches, 1 proxies
14:41:50 !!! [CE][LoadPrototype] 1 groups have wrong points...
14:41:50 [CE][LoadPrototype] :: last group name: land_frozen_person...
14:41:50 [CE][LoadPrototype] :: loaded 0 prototypes
14:41:50   38 containers, 66 points
14:41:50   0 dispatches, 0 proxies
14:41:50 [CE][LoadPrototype] :: last group name: StoneLoc38...
14:41:50 [CE][LoadMap] "Group" :: loaded 1445 groups, groups failed: 0, largest group range: 36.4
14:41:50 [CE][LoadMap] "Dirt" :: loaded 0 groups, groups failed: 0, largest group range: 36.4
14:41:50 [CE][LoadClusters] "Cluster" :: Loading files...
14:41:50 [CE][LoadClusters] :: file: "mapgroupcluster.xml", 1 types, 2418 instances
14:41:50 [CE][Storage] ver:21 stamp:698, valid:yes, name:"D:\DayZTestServer\mpmissions\hardcore.namalsk\storage_1\data\types.bin"
14:41:50 [CE][Storage] ver:21 stamp:88, valid:yes, name:"D:\DayZTestServer\mpmissions\hardcore.namalsk\storage_1\data\types.001"
14:41:50 [CE][Storage] ver:21 stamp:89, valid:yes, name:"D:\DayZTestServer\mpmissions\hardcore.namalsk\storage_1\data\types.002"
14:41:50 [CE][Storage] Restoring file "D:\DayZTestServer\mpmissions\hardcore.namalsk\storage_1\data\types.bin".
14:41:50 [CE][offlineDB] :: Loaded 17 dynamic events 166 total types.
14:41:50 !!! [CE][offlineDB] :: Type 'ChristmasTree' will be ignored. (Not spawnable. (Scope is not public?))
14:41:50 !!! [CE] :: Unknown user defined value: 'Tier56'.
14:41:50 !!! [CE] :: Unknown tag: 'floor'.
14:41:50 !!! [CE] :: Unknown tag: 'floor'.
14:41:50 !!! [CE] :: Unknown tag: 'floor'.
14:41:50 !!! [CE] :: Unknown tag: 'floor'.
14:41:50 !!! [CE] :: Unknown tag: 'floor'.
14:41:50 !!! [CE] :: Unknown tag: 'floor'.
14:41:50 !!! [CE] :: Unknown tag: 'floor'.
14:41:50 !!! [CE] :: Unknown tag: 'floor'.
14:41:50 !!! [CE] :: Unknown tag: 'floor'.
14:41:50 !!! [CE] :: Unknown tag: 'floor'.
14:41:50 !!! [CE] :: Unknown tag: 'floor'.
14:41:50 !!! [CE] :: Unknown tag: 'floor'.
14:41:50 !!! [CE] :: Unknown tag: 'floor'.
14:41:50 !!! [CE] :: Unknown tag: 'floor'.
14:41:50 !!! [CE] :: Unknown tag: 'floor'.
14:41:50 !!! [CE] :: Unknown tag: 'floor'.
14:41:50 !!! [CE] :: Unknown tag: 'floor'.
14:41:50 !!! [CE] :: Unknown tag: 'floor'.
14:41:50 !!! [CE] :: Unknown tag: 'floor'.
14:41:50 !!! [CE] :: Unknown tag: 'floor'.
14:41:50 !!! [CE][offlineDB] :: Type 'Expansion_M79' will be ignored. (Not spawnable. (Scope is not public?))
14:41:50 !!! [CE][offlineDB] :: Type 'ExpansionFlaregun' will be ignored. (Not spawnable. (Scope is not public?))
14:41:50 !!! [CE][offlineDB] :: Type 'Expansion_Longhorn' will be ignored. (Not spawnable. (Scope is not public?))
14:41:50 !!! [CE][DE][SPAWNS] :: [WARNING] :: Skipping entry for non-existing event 'VehicleCivilianCars'.
14:41:50 !!! [CE][DE][SPAWNS] :: [WARNING] :: Skipping entry for non-existing event 'VehicleHelicopters'.
14:41:50 !!! [CE][DE][SPAWNS] :: [WARNING] :: Skipping entry for non-existing event 'VehicleBoats'.
14:41:50 [CE][DE][SPAWNS] :: Total positions: 129
14:41:50 [CE][DE][GROUPS] :: Total eventgroups defined: 0, Eventgroups in use: 0
14:41:50 [CE][Storage] ver:21 stamp:698, valid:yes, name:"D:\DayZTestServer\mpmissions\hardcore.namalsk\storage_1\data\events.bin"
14:41:50 [CE][Storage] ver:21 stamp:88, valid:yes, name:"D:\DayZTestServer\mpmissions\hardcore.namalsk\storage_1\data\events.001"
14:41:50 [CE][Storage] ver:21 stamp:89, valid:yes, name:"D:\DayZTestServer\mpmissions\hardcore.namalsk\storage_1\data\events.002"
14:41:50 [CE][Storage] Restoring file "D:\DayZTestServer\mpmissions\hardcore.namalsk\storage_1\data\events.bin".
14:41:50 [CE][DynamicEvent] Load  Events:[17] Primary spawners: 17 Secondary spawners: 0
14:41:50 [CE][Storage] ver:25 stamp:698, valid:yes, name:"D:\DayZTestServer\mpmissions\hardcore.namalsk\storage_1\data\dynamic_000.bin"
14:41:50 [CE][Storage] ver:25 stamp:88, valid:yes, name:"D:\DayZTestServer\mpmissions\hardcore.namalsk\storage_1\data\dynamic_000.001"
14:41:50 [CE][Storage] ver:25 stamp:89, valid:yes, name:"D:\DayZTestServer\mpmissions\hardcore.namalsk\storage_1\data\dynamic_000.002"
14:41:50 [CE][Storage] Restoring file "D:\DayZTestServer\mpmissions\hardcore.namalsk\storage_1\data\dynamic_000.bin" 1 items.
14:41:50   1 items loaded. (0 failed)
14:41:50 [CE][Storage] ver:25 stamp:698, valid:yes, name:"D:\DayZTestServer\mpmissions\hardcore.namalsk\storage_1\data\dynamic_001.bin"
14:41:50 [CE][Storage] ver:25 stamp:88, valid:yes, name:"D:\DayZTestServer\mpmissions\hardcore.namalsk\storage_1\data\dynamic_001.001"
14:41:50 [CE][Storage] ver:25 stamp:89, valid:yes, name:"D:\DayZTestServer\mpmissions\hardcore.namalsk\storage_1\data\dynamic_001.002"
14:41:50 [CE][Storage] Restoring file "D:\DayZTestServer\mpmissions\hardcore.namalsk\storage_1\data\dynamic_001.bin" 29 items.
14:41:50   29 items loaded. (0 failed)
14:41:50 [CE][Storage] ver:25 stamp:698, valid:yes, name:"D:\DayZTestServer\mpmissions\hardcore.namalsk\storage_1\data\dynamic_002.bin"
14:41:50 [CE][Storage] ver:25 stamp:88, valid:yes, name:"D:\DayZTestServer\mpmissions\hardcore.namalsk\storage_1\data\dynamic_002.001"
14:41:50 [CE][Storage] ver:25 stamp:89, valid:yes, name:"D:\DayZTestServer\mpmissions\hardcore.namalsk\storage_1\data\dynamic_002.002"
14:41:50 [CE][Storage] Restoring file "D:\DayZTestServer\mpmissions\hardcore.namalsk\storage_1\data\dynamic_002.bin" 68 items.
14:41:50   68 items loaded. (0 failed)
14:41:50 [CE][Storage] ver:25 stamp:698, valid:yes, name:"D:\DayZTestServer\mpmissions\hardcore.namalsk\storage_1\data\dynamic_003.bin"
14:41:50 [CE][Storage] ver:25 stamp:88, valid:yes, name:"D:\DayZTestServer\mpmissions\hardcore.namalsk\storage_1\data\dynamic_003.001"
14:41:50 [CE][Storage] ver:25 stamp:89, valid:yes, name:"D:\DayZTestServer\mpmissions\hardcore.namalsk\storage_1\data\dynamic_003.002"
14:41:50 [CE][Storage] Restoring file "D:\DayZTestServer\mpmissions\hardcore.namalsk\storage_1\data\dynamic_003.bin" 911 items.
14:41:50   911 items loaded. (0 failed)
14:41:50 [CE][Storage] ver:25 stamp:698, valid:yes, name:"D:\DayZTestServer\mpmissions\hardcore.namalsk\storage_1\data\dynamic_004.bin"
14:41:50 [CE][Storage] ver:25 stamp:88, valid:yes, name:"D:\DayZTestServer\mpmissions\hardcore.namalsk\storage_1\data\dynamic_004.001"
14:41:50 [CE][Storage] ver:25 stamp:89, valid:yes, name:"D:\DayZTestServer\mpmissions\hardcore.namalsk\storage_1\data\dynamic_004.002"
14:41:50 [CE][Storage] Restoring file "D:\DayZTestServer\mpmissions\hardcore.namalsk\storage_1\data\dynamic_004.bin" 1806 items.
14:41:51   1806 items loaded. (0 failed)
14:41:51 [CE][Storage] ver:25 stamp:698, valid:yes, name:"D:\DayZTestServer\mpmissions\hardcore.namalsk\storage_1\data\dynamic_005.bin"
14:41:51 [CE][Storage] ver:25 stamp:88, valid:yes, name:"D:\DayZTestServer\mpmissions\hardcore.namalsk\storage_1\data\dynamic_005.001"
14:41:51 [CE][Storage] ver:25 stamp:89, valid:yes, name:"D:\DayZTestServer\mpmissions\hardcore.namalsk\storage_1\data\dynamic_005.002"
14:41:51 [CE][Storage] Restoring file "D:\DayZTestServer\mpmissions\hardcore.namalsk\storage_1\data\dynamic_005.bin" 635 items.
14:41:51   635 items loaded. (0 failed)
14:41:51 [CE][Storage] ver:25 stamp:698, valid:yes, name:"D:\DayZTestServer\mpmissions\hardcore.namalsk\storage_1\data\dynamic_006.bin"
14:41:51 [CE][Storage] ver:25 stamp:88, valid:yes, name:"D:\DayZTestServer\mpmissions\hardcore.namalsk\storage_1\data\dynamic_006.001"
14:41:51 [CE][Storage] ver:25 stamp:89, valid:yes, name:"D:\DayZTestServer\mpmissions\hardcore.namalsk\storage_1\data\dynamic_006.002"
14:41:51 [CE][Storage] Restoring file "D:\DayZTestServer\mpmissions\hardcore.namalsk\storage_1\data\dynamic_006.bin" 1959 items.
14:41:52   1959 items loaded. (0 failed)
14:41:52 [CE][Storage] ver:25 stamp:698, valid:yes, name:"D:\DayZTestServer\mpmissions\hardcore.namalsk\storage_1\data\dynamic_007.bin"
14:41:52 [CE][Storage] ver:25 stamp:88, valid:yes, name:"D:\DayZTestServer\mpmissions\hardcore.namalsk\storage_1\data\dynamic_007.001"
14:41:52 [CE][Storage] ver:25 stamp:89, valid:yes, name:"D:\DayZTestServer\mpmissions\hardcore.namalsk\storage_1\data\dynamic_007.002"
14:41:52 [CE][Storage] Restoring file "D:\DayZTestServer\mpmissions\hardcore.namalsk\storage_1\data\dynamic_007.bin" 607 items.
14:41:52   607 items loaded. (0 failed)
14:41:52 [CE][Storage] ver:25 stamp:698, valid:yes, name:"D:\DayZTestServer\mpmissions\hardcore.namalsk\storage_1\data\dynamic_008.bin"
14:41:52 [CE][Storage] ver:25 stamp:88, valid:yes, name:"D:\DayZTestServer\mpmissions\hardcore.namalsk\storage_1\data\dynamic_008.001"
14:41:52 [CE][Storage] ver:25 stamp:89, valid:yes, name:"D:\DayZTestServer\mpmissions\hardcore.namalsk\storage_1\data\dynamic_008.002"
14:41:52 [CE][Storage] Restoring file "D:\DayZTestServer\mpmissions\hardcore.namalsk\storage_1\data\dynamic_008.bin" 130 items.
14:41:52   130 items loaded. (0 failed)
14:41:52 [CE][Storage] ver:25 stamp:698, valid:yes, name:"D:\DayZTestServer\mpmissions\hardcore.namalsk\storage_1\data\dynamic_009.bin"
14:41:52 [CE][Storage] ver:25 stamp:88, valid:yes, name:"D:\DayZTestServer\mpmissions\hardcore.namalsk\storage_1\data\dynamic_009.001"
14:41:52 [CE][Storage] ver:25 stamp:89, valid:yes, name:"D:\DayZTestServer\mpmissions\hardcore.namalsk\storage_1\data\dynamic_009.002"
14:41:52 [CE][Storage] Restoring file "D:\DayZTestServer\mpmissions\hardcore.namalsk\storage_1\data\dynamic_009.bin" 0 items.
14:41:52   0 items loaded. (0 failed)
14:41:52 [CE][Storage] ver:25 stamp:698, valid:yes, name:"D:\DayZTestServer\mpmissions\hardcore.namalsk\storage_1\data\dynamic_010.bin"
14:41:52 [CE][Storage] ver:25 stamp:88, valid:yes, name:"D:\DayZTestServer\mpmissions\hardcore.namalsk\storage_1\data\dynamic_010.001"
14:41:52 [CE][Storage] ver:25 stamp:89, valid:yes, name:"D:\DayZTestServer\mpmissions\hardcore.namalsk\storage_1\data\dynamic_010.002"
14:41:52 [CE][Storage] Restoring file "D:\DayZTestServer\mpmissions\hardcore.namalsk\storage_1\data\dynamic_010.bin" 43 items.
14:41:52   43 items loaded. (0 failed)
14:41:52 [CE][Storage] ver:25 stamp:698, valid:yes, name:"D:\DayZTestServer\mpmissions\hardcore.namalsk\storage_1\data\dynamic_011.bin"
14:41:52 [CE][Storage] ver:25 stamp:88, valid:yes, name:"D:\DayZTestServer\mpmissions\hardcore.namalsk\storage_1\data\dynamic_011.001"
14:41:52 [CE][Storage] ver:25 stamp:89, valid:yes, name:"D:\DayZTestServer\mpmissions\hardcore.namalsk\storage_1\data\dynamic_011.002"
14:41:52 [CE][Storage] Restoring file "D:\DayZTestServer\mpmissions\hardcore.namalsk\storage_1\data\dynamic_011.bin" 54 items.
14:41:52   54 items loaded. (0 failed)
14:41:52 [CE][Storage] ver:26 stamp:698, valid:yes, name:"D:\DayZTestServer\mpmissions\hardcore.namalsk\storage_1\data\building.bin"
14:41:52 [CE][Storage] ver:26 stamp:88, valid:yes, name:"D:\DayZTestServer\mpmissions\hardcore.namalsk\storage_1\data\building.001"
14:41:52 [CE][Storage] ver:26 stamp:89, valid:yes, name:"D:\DayZTestServer\mpmissions\hardcore.namalsk\storage_1\data\building.002"
14:41:52 [CE][Storage] Restoring file "D:\DayZTestServer\mpmissions\hardcore.namalsk\storage_1\data\building.bin" 0 items.
14:41:52   0 items loaded. (0 failed)
14:41:52 [CE][Storage] ver:25 stamp:698, valid:yes, name:"D:\DayZTestServer\mpmissions\hardcore.namalsk\storage_1\data\vehicles.bin"
14:41:52 [CE][Storage] ver:25 stamp:88, valid:yes, name:"D:\DayZTestServer\mpmissions\hardcore.namalsk\storage_1\data\vehicles.001"
14:41:52 [CE][Storage] ver:25 stamp:89, valid:yes, name:"D:\DayZTestServer\mpmissions\hardcore.namalsk\storage_1\data\vehicles.002"
14:41:52 [CE][Storage] Restoring file "D:\DayZTestServer\mpmissions\hardcore.namalsk\storage_1\data\vehicles.bin" 47 items.
14:41:52   47 items loaded. (0 failed)
14:41:52 [CE][Hive] :: Storage load took:2.09 seconds, recovery stamp:698
14:41:52   entity: 6713, building: 0
14:41:52   pathgraph's: 92
14:41:52 [CE][Hive] :: Initializing ... 
14:41:52 [CE][InitializeMap] :: initialized: 0
14:41:52 [CE][Hive] :: Initializing spawners ... 
14:41:52 [CE][LootRespawner] (PRIDummy) :: Initially (re)spawned:0, Nominal:6954, Total in Map: 6318 at 0 (sec)
14:41:52   tests:0, repeats:0 fails:0, overtime:0
14:41:53 [CE][DynEvent] :: 17 types
14:41:53 [00] Loot
14:41:53   Primary Spawner: "Loot", active: yes, repeat: 2
14:41:53 [01] StaticMedDrop
14:41:53   Primary Spawner: "Static", active: yes, repeat: 1
14:41:53 [02] StaticLifeboat
14:41:53   Primary Spawner: "Static", active: yes, repeat: 1
14:41:53 [03] TrajectoryStones
14:41:53   Primary Spawner: "Trajectory", active: yes, repeat: 1
14:41:53 [04] InfectedSanta
14:41:53   Primary Spawner: "Infected", active: yes, repeat: 1
14:41:53 [05] InfectedArmy
14:41:53   Primary Spawner: "Infected", active: yes, repeat: 1
14:41:53 [06] InfectedIndustrial
14:41:53   Primary Spawner: "Infected", active: yes, repeat: 1
14:41:53 [07] InfectedCivil
14:41:53   Primary Spawner: "Infected", active: yes, repeat: 1
14:41:53 [08] InfectedMedic
14:41:53   Primary Spawner: "Infected", active: yes, repeat: 1
14:41:53 [09] AnimalGoat
14:41:53   Primary Spawner: "Animal", active: yes, repeat: 1
14:41:53 [10] AnimalSheep
14:41:53   Primary Spawner: "Animal", active: yes, repeat: 1
14:41:53 [11] AnimalRoeDeer
14:41:53   Primary Spawner: "Animal", active: yes, repeat: 1
14:41:53 [12] AnimalDeer
14:41:53   Primary Spawner: "Animal", active: yes, repeat: 1
14:41:53 [13] AnimalWildBoar
14:41:53   Primary Spawner: "Animal", active: yes, repeat: 1
14:41:53 [14] AnimalWolf
14:41:53   Primary Spawner: "Animal", active: yes, repeat: 1
14:41:53 [15] AnimalBrownBear
14:41:53   Primary Spawner: "Animal", active: yes, repeat: 1
14:41:53 [16] AnimalPolarBear
14:41:53   Primary Spawner: "Animal", active: yes, repeat: 1
14:41:53 [CE][Hive] :: Initializing of spawners done.
14:41:53 [CE][Hive] :: Init sequence finished.
14:41:53 Player connect enabled
14:41:53 Mission read.
14:41:53 Connected to Steam
14:41:53 Steam policy response
14:41:53 [IdleMode] Entering IN - save processed
14:43:06 [Login]: Adding player Survivor (19183975) to login queue at position 0
14:43:06 [LoginMachine]: Add player Survivor (19183975 192.168.0.221:2316)
14:43:06 [StateMachine]: Player Survivor (dpnid 19183975 uid ) Entering AuthPlayerLoginState
14:43:08 [IdleMode] Leaving OUT
14:43:09 BattlEye Server: Player #0 Survivor (192.168.0.221:2316) connected
14:43:09 Player Survivor connecting.
14:43:09 [StateMachine]: Player Survivor (dpnid 19183975 uid ) Entering WaitAuthPlayerLoginState
14:43:09 BattlEye Server: Connected to BE Master
14:43:10 BattlEye Server: Player #0 Survivor - BE GUID: d4fb7becef513b872a0eb9cc5a3d6853
14:43:11 BattlEye Server: Verified GUID (d4fb7becef513b872a0eb9cc5a3d6853) of player #0 Survivor
14:43:11 Player Survivor connected (id=SBe5axWp3eE4-LqLuNcUyOl5vGQFAjjfq235gH4VFLc=).
14:43:11 Player "Survivor" is connected (steamID=76561198075107522)
14:43:11 [StateMachine]: Player Survivor (dpnid 19183975 uid ) Entering WaitPlayerAssignedLoginState
14:43:11 [StateMachine]: Player Survivor (dpnid 19183975 uid SBe5axWp3eE4-LqLuNcUyOl5vGQFAjjfq235gH4VFLc=) Entering DBGetLoginTimeLoginState
14:43:11 [StateMachine]: Player Survivor (dpnid 19183975 uid SBe5axWp3eE4-LqLuNcUyOl5vGQFAjjfq235gH4VFLc=) Entering DBWaitLoginTimeLoginState
14:43:26 [StateMachine]: Player Survivor (dpnid 19183975 uid SBe5axWp3eE4-LqLuNcUyOl5vGQFAjjfq235gH4VFLc=) Entering DBGetCharacterLoginState
14:43:26 [StateMachine]: Player Survivor (dpnid 19183975 uid SBe5axWp3eE4-LqLuNcUyOl5vGQFAjjfq235gH4VFLc=) Entering CreateNetObjectsLoginState
14:43:26 Player Survivor dpid=19183975 at pos (8334.7, 15.4, 10768.4) 
14:43:26 [StateMachine]: Player Survivor (dpnid 19183975 uid SBe5axWp3eE4-LqLuNcUyOl5vGQFAjjfq235gH4VFLc=) Entering PreloadCamLoginState
14:43:26 [StateMachine]: Player Survivor (dpnid 19183975 uid SBe5axWp3eE4-LqLuNcUyOl5vGQFAjjfq235gH4VFLc=) Entering WaitPreloadCamLoginState
14:43:30 [CE][LootRespawner] (PRIDummy) :: Item [0] causing search overtime: "Expansion_Ammo_ArrowBolt"
14:43:30 [CE][LootRespawner] (PRIDummy) :: Item [1] causing search overtime: "Expansion_Crossbow"
14:43:30 [CE][LootRespawner] (PRIDummy) :: Item [0] is hard to place, performance drops: "ExpansionTractorFrontWheel"
14:43:30 [CE][LootRespawner] (PRIDummy) :: Item [2] causing search overtime: "ExpansionTractorFrontWheel"
14:43:30 [CE][LootRespawner] (PRIDummy) :: Item [3] causing search overtime: "Mag_Expansion_G36_30Rnd"
14:43:30 [CE][LootRespawner] (PRIDummy) :: Item [4] causing search overtime: "ExpansionHelipadKit"
14:43:30 [CE][LootRespawner] (PRIDummy) :: Item [5] causing search overtime: "ExpansionHAMROptic"
14:43:31 [CE][LootRespawner] (PRIDummy) :: Item [6] causing search overtime: "Ammo_Expansion_338"
14:43:31 [CE][LootRespawner] (PRIDummy) :: Item [7] causing search overtime: "Ammo_Expansion_M203_Sticky_Smoke_Green"
14:43:31 [CE][LootRespawner] (PRIDummy) :: Item [8] causing search overtime: "ExpansionCamoTentKit"
14:43:31 [CE][LootRespawner] (PRIDummy) :: Item [9] causing search overtime: "ExpansionCamoBoxKit"
14:43:31 [CE][LootRespawner] (PRIDummy) :: Item [10] causing search overtime: "ExpansionHescoKit"
14:43:31 [CE][LootRespawner] (PRIDummy) :: Item [11] causing search overtime: "ExpansionGPS"
14:43:31 [CE][LootRespawner] (PRIDummy) :: Item [12] causing search overtime: "ExpansionTractorBackWheel"
14:43:31 [CE][LootRespawner] (PRIDummy) :: Item [13] causing search overtime: "ExpansionBarrierGateKit"
14:43:31 [CE][LootRespawner] (PRIDummy) :: Item [14] causing search overtime: "ExpansionDeltapointOptic"
14:43:31 [CE][LootRespawner] (PRIDummy) :: Item [15] causing search overtime: "Ammo_Expansion_M203_Sticky_Smoke_Red"
14:43:32 [CE][LootRespawner] (PRIDummy) :: Item [16] causing search overtime: "AmmoBox_Expansion_338_15rnd"
14:43:32 [CE][LootRespawner] (PRIDummy) :: Item [17] causing search overtime: "AmmoBox_Expansion_46x30_25rnd"
14:43:32 [CE][LootRespawner] (PRIDummy) :: Item [18] causing search overtime: "ExpansionAmmoLAW"
14:43:32 [CE][LootRespawner] (PRIDummy) :: Item [19] causing search overtime: "ExpansionAmmoRPG"
14:43:36 [StateMachine]: Player Survivor (dpnid 19183975 uid SBe5axWp3eE4-LqLuNcUyOl5vGQFAjjfq235gH4VFLc=) Entering GetLoadedCharLoginState
14:43:36 <LOAD EXISTING CHAR>:
    charID 1
    playerID 1
    dpnid 19183975
    uid SBe5axWp3eE4-LqLuNcUyOl5vGQFAjjfq235gH4VFLc=
14:43:56 [Disconnect]: Start script disconnect 19183975 (dbCharacterId 1 dbPlayerId 1) logoutTime 15
14:43:58 [Disconnect]: Client 19183975 disconnecting
14:43:58 [Disconnect]: Client 19183975 early disconnect
14:43:58 [Disconnect]: Start script disconnect 19183975 (dbCharacterId 1 dbPlayerId 1) logoutTime 15
14:43:59 [CE][LootRespawner] (PRIDummy) :: Item [1] is hard to place, performance drops: "ExpansionTractorFrontWheel"
14:44:09 [Disconnect]: No packets from 19183975
14:44:09 Player Survivor (19183975) kicked from server: 4 (Connection with host has been lost.)
14:44:10 [Disconnect]: Remove player info 19183975
14:44:10 [Disconnect]: Player destroy 19183975 
14:44:10 Player Survivor disconnected.
14:44:10 BattlEye Server: Player #0 Survivor disconnected
14:44:11 [Disconnect]: Finish script disconnect -1 (SBe5axWp3eE4-LqLuNcUyOl5vGQFAjjfq235gH4VFLc=)
